[debug] [2020-09-05T15:02:16.627Z] ----------------------------------------------------------------------
[debug] [2020-09-05T15:02:16.629Z] Command:       C:\Program Files\nodejs\node.exe C:\Users\Carl Ziemann\AppData\Roaming\npm\node_modules\firebase-tools\lib\bin\firebase.js emulators:start
[debug] [2020-09-05T15:02:16.630Z] CLI Version:   8.4.3
[debug] [2020-09-05T15:02:16.630Z] Platform:      win32
[debug] [2020-09-05T15:02:16.630Z] Node Version:  v12.14.1
[debug] [2020-09-05T15:02:16.631Z] Time:          Sat Sep 05 2020 17:02:16 GMT+0200 (Central European Summer Time)
[debug] [2020-09-05T15:02:16.631Z] ----------------------------------------------------------------------
[debug] [2020-09-05T15:02:16.631Z] 
[debug] [2020-09-05T15:02:16.639Z] > command requires scopes: ["email","openid","https://www.googleapis.com/auth/cloudplatformprojects.readonly","https://www.googleapis.com/auth/firebase","https://www.googleapis.com/auth/cloud-platform"]
[debug] [2020-09-05T15:02:16.639Z] > authorizing via signed-in user
[info] i  emulators: Starting emulators: functions, hosting {"metadata":{"emulator":{"name":"hub"},"message":"Starting emulators: functions, hosting"}}
[warn] !  emulators: It seems that you are running multiple instances of the emulator suite for project portal-7c56f. This may result in unexpected behavior. 
[debug] [2020-09-05T15:02:18.663Z] [hub] writing locator at C:\Users\CARLZI~1\AppData\Local\Temp\hub-portal-7c56f.json
[warn] !  Your requested "node" version "8" doesn't match your global version "12" {"metadata":{"emulator":{"name":"functions"},"message":"Your requested \"node\" version \"8\" doesn't match your global version \"12\""}}
[debug] [2020-09-05T15:02:22.706Z] >>> HTTP REQUEST GET https://firebase.googleapis.com/v1beta1/projects/portal-7c56f/webApps/-/config  
 
[debug] [2020-09-05T15:02:24.208Z] <<< HTTP RESPONSE 200 {"content-type":"application/json; charset=UTF-8","vary":"X-Origin, Referer, Origin,Accept-Encoding","date":"Sat, 05 Sep 2020 15:02:24 GMT","server":"ESF","cache-control":"private","x-xss-protection":"0","x-frame-options":"SAMEORIGIN","x-content-type-options":"nosniff","alt-svc":"h3-29=\":443\"; ma=2592000,h3-27=\":443\"; ma=2592000,h3-T051=\":443\"; ma=2592000,h3-T050=\":443\"; ma=2592000,h3-Q050=\":443\"; ma=2592000,h3-Q046=\":443\"; ma=2592000,h3-Q043=\":443\"; ma=2592000,quic=\":443\"; ma=2592000; v=\"46,43\"","accept-ranges":"none","transfer-encoding":"chunked"}
[info] i  hosting[portal]: Serving hosting files from: dist/portal {"metadata":{"emulator":{"name":"hosting"},"message":"Serving hosting files from: \u001b[1mdist/portal\u001b[22m"}}
[info] +  hosting[portal]: Local server: http://localhost:5000 {"metadata":{"emulator":{"name":"hosting"},"message":"Local server: \u001b[4m\u001b[1mhttp://localhost:5000\u001b[22m\u001b[24m"}}
[debug] [2020-09-05T15:02:28.275Z] Ignoring unsupported arg: auto_download {"metadata":{"emulator":{"name":"ui"},"message":"Ignoring unsupported arg: auto_download"}}
[debug] [2020-09-05T15:02:28.275Z] Ignoring unsupported arg: port {"metadata":{"emulator":{"name":"ui"},"message":"Ignoring unsupported arg: port"}}
[debug] [2020-09-05T15:02:28.275Z] Starting Emulator UI with command {"binary":"node","args":["C:\\Users\\Carl Ziemann\\.cache\\firebase\\emulators\\ui-v1.1.0\\server.bundle.js"],"optionalArgs":[],"joinArgs":false} {"metadata":{"emulator":{"name":"ui"},"message":"Starting Emulator UI with command {\"binary\":\"node\",\"args\":[\"C:\\\\Users\\\\Carl Ziemann\\\\.cache\\\\firebase\\\\emulators\\\\ui-v1.1.0\\\\server.bundle.js\"],\"optionalArgs\":[],\"joinArgs\":false}"}}
[info] i  ui: Emulator UI logging to ui-debug.log {"metadata":{"emulator":{"name":"ui"},"message":"Emulator UI logging to \u001b[1mui-debug.log\u001b[22m"}}
[debug] [2020-09-05T15:02:28.426Z] Web / API server started at http://localhost:4000
 {"metadata":{"emulator":{"name":"ui"},"message":"Web / API server started at http://localhost:4000\n"}}
[info] i  functions: Watching "C:\Users\Carl Ziemann\portal\functions" for Cloud Functions... {"metadata":{"emulator":{"name":"functions"},"message":"Watching \"C:\\Users\\Carl Ziemann\\portal\\functions\" for Cloud Functions..."}}
[debug] [2020-09-05T15:02:28.800Z] [worker-pool] addWorker(~diagnostic~) {"metadata":{"emulator":{"name":"functions"},"message":"[worker-pool] addWorker(~diagnostic~)"}}
[debug] [2020-09-05T15:02:28.800Z] [worker-pool] Adding worker with key ~diagnostic~, total=1 {"metadata":{"emulator":{"name":"functions"},"message":"[worker-pool] Adding worker with key ~diagnostic~, total=1"}}
[debug] [2020-09-05T15:02:28.800Z] [worker-pool] submitWork(triggerId=) {"metadata":{"emulator":{"name":"functions"},"message":"[worker-pool] submitWork(triggerId=)"}}
[debug] [2020-09-05T15:02:28.801Z] [worker-~diagnostic~-7229e0e1-56ab-4431-b162-3f92bb202295]: Assigning socketPath: \\?\pipe\C:\Users\Carl Ziemann\portal\functions\6744 {"metadata":{"emulator":{"name":"functions"},"message":"[worker-~diagnostic~-7229e0e1-56ab-4431-b162-3f92bb202295]: Assigning socketPath: \\\\?\\pipe\\C:\\Users\\Carl Ziemann\\portal\\functions\\6744"}}
[debug] [2020-09-05T15:02:28.801Z] [worker-~diagnostic~-7229e0e1-56ab-4431-b162-3f92bb202295]: BUSY {"metadata":{"emulator":{"name":"functions"},"message":"[worker-~diagnostic~-7229e0e1-56ab-4431-b162-3f92bb202295]: BUSY"}}
[debug] [2020-09-05T15:02:29.224Z] [runtime-status] [6744] Functions runtime initialized. {"cwd":"C:\\Users\\Carl Ziemann\\portal\\functions","node_version":"12.14.1"} {"metadata":{"emulator":{"name":"functions"},"message":"[runtime-status] [6744] Functions runtime initialized. {\"cwd\":\"C:\\\\Users\\\\Carl Ziemann\\\\portal\\\\functions\",\"node_version\":\"12.14.1\"}"}}
[debug] [2020-09-05T15:02:29.225Z] [runtime-status] [6744] Disabled runtime features: undefined {"metadata":{"emulator":{"name":"functions"},"message":"[runtime-status] [6744] Disabled runtime features: undefined"}}
[debug] [2020-09-05T15:02:29.228Z] [runtime-status] [6744] Resolved module firebase-admin {"declared":true,"installed":true,"version":"8.13.0","resolution":"C:\\Users\\Carl Ziemann\\portal\\functions\\node_modules\\firebase-admin\\lib\\index.js"} {"metadata":{"emulator":{"name":"functions"},"message":"[runtime-status] [6744] Resolved module firebase-admin {\"declared\":true,\"installed\":true,\"version\":\"8.13.0\",\"resolution\":\"C:\\\\Users\\\\Carl Ziemann\\\\portal\\\\functions\\\\node_modules\\\\firebase-admin\\\\lib\\\\index.js\"}"}}
[debug] [2020-09-05T15:02:29.230Z] [runtime-status] [6744] Resolved module firebase-functions {"declared":true,"installed":true,"version":"3.11.0","resolution":"C:\\Users\\Carl Ziemann\\portal\\functions\\node_modules\\firebase-functions\\lib\\index.js"} {"metadata":{"emulator":{"name":"functions"},"message":"[runtime-status] [6744] Resolved module firebase-functions {\"declared\":true,\"installed\":true,\"version\":\"3.11.0\",\"resolution\":\"C:\\\\Users\\\\Carl Ziemann\\\\portal\\\\functions\\\\node_modules\\\\firebase-functions\\\\lib\\\\index.js\"}"}}
[debug] [2020-09-05T15:02:29.232Z] [runtime-status] [6744] Outgoing network have been stubbed. [{"name":"http","status":"mocked"},{"name":"http","status":"mocked"},{"name":"https","status":"mocked"},{"name":"https","status":"mocked"},{"name":"net","status":"mocked"}] {"metadata":{"emulator":{"name":"functions"},"message":"[runtime-status] [6744] Outgoing network have been stubbed. [{\"name\":\"http\",\"status\":\"mocked\"},{\"name\":\"http\",\"status\":\"mocked\"},{\"name\":\"https\",\"status\":\"mocked\"},{\"name\":\"https\",\"status\":\"mocked\"},{\"name\":\"net\",\"status\":\"mocked\"}]"}}
[debug] [2020-09-05T15:02:29.233Z] [runtime-status] [6744] Resolved module firebase-functions {"declared":true,"installed":true,"version":"3.11.0","resolution":"C:\\Users\\Carl Ziemann\\portal\\functions\\node_modules\\firebase-functions\\lib\\index.js"} {"metadata":{"emulator":{"name":"functions"},"message":"[runtime-status] [6744] Resolved module firebase-functions {\"declared\":true,\"installed\":true,\"version\":\"3.11.0\",\"resolution\":\"C:\\\\Users\\\\Carl Ziemann\\\\portal\\\\functions\\\\node_modules\\\\firebase-functions\\\\lib\\\\index.js\"}"}}
[debug] [2020-09-05T15:02:29.276Z] [runtime-status] [6744] Checked functions.config() {"config":{}} {"metadata":{"emulator":{"name":"functions"},"message":"[runtime-status] [6744] Checked functions.config() {\"config\":{}}"}}
[debug] [2020-09-05T15:02:29.276Z] [runtime-status] [6744] firebase-functions has been stubbed. {"functionsResolution":{"declared":true,"installed":true,"version":"3.11.0","resolution":"C:\\Users\\Carl Ziemann\\portal\\functions\\node_modules\\firebase-functions\\lib\\index.js"}} {"metadata":{"emulator":{"name":"functions"},"message":"[runtime-status] [6744] firebase-functions has been stubbed. {\"functionsResolution\":{\"declared\":true,\"installed\":true,\"version\":\"3.11.0\",\"resolution\":\"C:\\\\Users\\\\Carl Ziemann\\\\portal\\\\functions\\\\node_modules\\\\firebase-functions\\\\lib\\\\index.js\"}}"}}
[debug] [2020-09-05T15:02:29.277Z] [runtime-status] [6744] Resolved module firebase-functions {"declared":true,"installed":true,"version":"3.11.0","resolution":"C:\\Users\\Carl Ziemann\\portal\\functions\\node_modules\\firebase-functions\\lib\\index.js"} {"metadata":{"emulator":{"name":"functions"},"message":"[runtime-status] [6744] Resolved module firebase-functions {\"declared\":true,\"installed\":true,\"version\":\"3.11.0\",\"resolution\":\"C:\\\\Users\\\\Carl Ziemann\\\\portal\\\\functions\\\\node_modules\\\\firebase-functions\\\\lib\\\\index.js\"}"}}
[debug] [2020-09-05T15:02:29.278Z] [runtime-status] [6744] Resolved module firebase-admin {"declared":true,"installed":true,"version":"8.13.0","resolution":"C:\\Users\\Carl Ziemann\\portal\\functions\\node_modules\\firebase-admin\\lib\\index.js"} {"metadata":{"emulator":{"name":"functions"},"message":"[runtime-status] [6744] Resolved module firebase-admin {\"declared\":true,\"installed\":true,\"version\":\"8.13.0\",\"resolution\":\"C:\\\\Users\\\\Carl Ziemann\\\\portal\\\\functions\\\\node_modules\\\\firebase-admin\\\\lib\\\\index.js\"}"}}
[debug] [2020-09-05T15:02:29.279Z] [runtime-status] [6744] Resolved module firebase-functions {"declared":true,"installed":true,"version":"3.11.0","resolution":"C:\\Users\\Carl Ziemann\\portal\\functions\\node_modules\\firebase-functions\\lib\\index.js"} {"metadata":{"emulator":{"name":"functions"},"message":"[runtime-status] [6744] Resolved module firebase-functions {\"declared\":true,\"installed\":true,\"version\":\"3.11.0\",\"resolution\":\"C:\\\\Users\\\\Carl Ziemann\\\\portal\\\\functions\\\\node_modules\\\\firebase-functions\\\\lib\\\\index.js\"}"}}
[debug] [2020-09-05T15:02:29.279Z] [runtime-status] [6744] firebase-admin has been stubbed. {"adminResolution":{"declared":true,"installed":true,"version":"8.13.0","resolution":"C:\\Users\\Carl Ziemann\\portal\\functions\\node_modules\\firebase-admin\\lib\\index.js"}} {"metadata":{"emulator":{"name":"functions"},"message":"[runtime-status] [6744] firebase-admin has been stubbed. {\"adminResolution\":{\"declared\":true,\"installed\":true,\"version\":\"8.13.0\",\"resolution\":\"C:\\\\Users\\\\Carl Ziemann\\\\portal\\\\functions\\\\node_modules\\\\firebase-admin\\\\lib\\\\index.js\"}}"}}
[debug] [2020-09-05T15:02:29.281Z] [runtime-status] [6744] initializeApp(DEFAULT) {"databaseURL":"https://portal-7c56f.firebaseio.com","storageBucket":"portal-7c56f.appspot.com","projectId":"portal-7c56f"} {"metadata":{"emulator":{"name":"functions"},"message":"[runtime-status] [6744] initializeApp(DEFAULT) {\"databaseURL\":\"https://portal-7c56f.firebaseio.com\",\"storageBucket\":\"portal-7c56f.appspot.com\",\"projectId\":\"portal-7c56f\"}"}}
[warn] !  functions: The Cloud Firestore emulator is not running, so calls to Firestore will affect production. {"metadata":{"emulator":{"name":"functions"},"message":"The Cloud Firestore emulator is not running, so calls to Firestore will affect production."}}
[info] +  functions[helloWorld]: http function initialized (http://localhost:5001/portal-7c56f/us-central1/helloWorld). {"metadata":{"emulator":{"name":"functions"},"message":"\u001b[1mhttp\u001b[22m function initialized (http://localhost:5001/portal-7c56f/us-central1/helloWorld)."}}
[info] i  functions[runWorkflow]: function ignored because the firestore emulator does not exist or is not running. {"metadata":{"emulator":{"name":"functions"},"message":"function ignored because the firestore emulator does not exist or is not running."}}
[info] 
┌───────────────────────────────────────────────────────────────────────┐
│ ✔  All emulators ready! View status and logs at http://localhost:4000 │
└───────────────────────────────────────────────────────────────────────┘

┌───────────┬────────────────┬─────────────────────────────────┐
│ Emulator  │ Host:Port      │ View in Emulator UI             │
├───────────┼────────────────┼─────────────────────────────────┤
│ Functions │ localhost:5001 │ http://localhost:4000/functions │
├───────────┼────────────────┼─────────────────────────────────┤
│ Hosting   │ localhost:5000 │ n/a                             │
└───────────┴────────────────┴─────────────────────────────────┘
  Other reserved ports: 4400, 4500

Issues? Report them at https://github.com/firebase/firebase-tools/issues and attach the *-debug.log files.
 
[debug] [2020-09-05T15:02:29.631Z] [worker-~diagnostic~-7229e0e1-56ab-4431-b162-3f92bb202295]: IDLE {"metadata":{"emulator":{"name":"functions"},"message":"[worker-~diagnostic~-7229e0e1-56ab-4431-b162-3f92bb202295]: IDLE"}}
